TN:
SF:scripts/counts.js
FN:1,(empty-report)
FNF:1
FNH:0
FNDA:0,(empty-report)
DA:1,0
DA:3,0
DA:4,0
DA:6,0
DA:7,0
DA:8,0
DA:9,0
DA:11,0
DA:12,0
DA:14,0
DA:15,0
DA:16,0
DA:18,0
DA:19,0
DA:20,0
DA:21,0
DA:22,0
DA:23,0
DA:24,0
DA:25,0
DA:27,0
LF:21
LH:0
BRDA:1,0,0,0
BRF:1
BRH:0
end_of_record
TN:
SF:scripts/query_genre_search.js
FN:1,(empty-report)
FNF:1
FNH:0
FNDA:0,(empty-report)
DA:1,0
DA:2,0
DA:3,0
DA:5,0
DA:6,0
DA:7,0
DA:9,0
DA:10,0
DA:11,0
DA:12,0
DA:13,0
DA:14,0
DA:15,0
DA:16,0
DA:17,0
DA:18,0
DA:19,0
DA:20,0
LF:18
LH:0
BRDA:1,0,0,0
BRF:1
BRH:0
end_of_record
TN:
SF:scripts/query_items.js
FN:1,(empty-report)
FNF:1
FNH:0
FNDA:0,(empty-report)
DA:1,0
DA:2,0
DA:3,0
DA:5,0
DA:6,0
DA:7,0
DA:9,0
DA:10,0
DA:11,0
DA:12,0
DA:13,0
DA:14,0
DA:15,0
DA:16,0
DA:17,0
DA:18,0
DA:19,0
DA:20,0
LF:18
LH:0
BRDA:1,0,0,0
BRF:1
BRH:0
end_of_record
TN:
SF:scripts/seed_items.js
FN:1,(empty-report)
FNF:1
FNH:0
FNDA:0,(empty-report)
DA:1,0
DA:2,0
DA:3,0
DA:5,0
DA:6,0
DA:8,0
DA:9,0
DA:10,0
DA:11,0
DA:12,0
DA:13,0
DA:14,0
DA:15,0
DA:16,0
DA:18,0
DA:19,0
DA:20,0
DA:21,0
DA:22,0
DA:24,0
DA:25,0
DA:26,0
DA:28,0
DA:29,0
DA:30,0
DA:31,0
DA:32,0
DA:33,0
DA:34,0
DA:35,0
DA:36,0
DA:37,0
DA:38,0
DA:39,0
DA:40,0
DA:41,0
DA:42,0
DA:43,0
DA:44,0
DA:45,0
DA:46,0
DA:47,0
DA:48,0
DA:49,0
DA:50,0
DA:51,0
DA:52,0
DA:53,0
DA:54,0
DA:55,0
DA:56,0
DA:57,0
DA:58,0
DA:59,0
DA:60,0
DA:61,0
DA:62,0
DA:63,0
DA:64,0
DA:65,0
DA:66,0
DA:67,0
DA:68,0
DA:69,0
DA:70,0
DA:71,0
DA:72,0
DA:73,0
DA:74,0
DA:75,0
DA:76,0
DA:77,0
DA:78,0
DA:79,0
DA:80,0
DA:81,0
DA:82,0
DA:83,0
DA:85,0
DA:86,0
DA:87,0
DA:88,0
DA:89,0
DA:90,0
DA:91,0
DA:92,0
DA:93,0
DA:95,0
DA:96,0
DA:97,0
DA:99,0
LF:91
LH:0
BRDA:1,0,0,0
BRF:1
BRH:0
end_of_record
TN:
SF:src/index.ts
FN:1,(empty-report)
FNF:1
FNH:0
FNDA:0,(empty-report)
DA:1,0
DA:3,0
DA:5,0
LF:3
LH:0
BRDA:1,0,0,0
BRF:1
BRH:0
end_of_record
TN:
SF:src/server.ts
FN:68,Server
FN:75,configuration
FN:79,middlewares
FN:85,routes
FN:108,getApp
FN:112,listen
FNF:6
FNH:5
FNDA:10,Server
FNDA:10,configuration
FNDA:10,middlewares
FNDA:10,routes
FNDA:10,getApp
FNDA:0,listen
DA:56,1
DA:57,1
DA:58,1
DA:60,1
DA:61,1
DA:62,1
DA:65,1
DA:68,1
DA:69,10
DA:70,10
DA:71,10
DA:72,10
DA:73,10
DA:75,1
DA:76,10
DA:77,10
DA:79,1
DA:80,10
DA:81,10
DA:82,10
DA:83,10
DA:85,1
DA:87,10
DA:88,1
DA:89,1
DA:90,1
DA:91,1
DA:92,10
DA:95,10
DA:96,10
DA:97,10
DA:98,10
DA:99,10
DA:100,10
DA:101,10
DA:102,10
DA:103,10
DA:105,10
DA:108,1
DA:109,10
DA:110,10
DA:112,1
DA:113,0
DA:114,0
DA:115,0
DA:116,0
DA:117,0
DA:118,0
DA:119,0
DA:120,0
DA:121,0
DA:122,0
DA:123,1
LF:53
LH:43
BRDA:68,0,0,10
BRDA:75,1,0,10
BRDA:76,2,0,0
BRDA:79,3,0,10
BRDA:85,4,0,10
BRDA:87,5,0,1
BRDA:108,6,0,10
BRF:7
BRH:6
end_of_record
TN:
SF:src/config/index.ts
FNF:0
FNH:0
DA:1,1
DA:2,1
DA:5,1
DA:6,1
DA:7,0
DA:8,0
DA:9,0
DA:11,1
DA:13,1
DA:14,1
DA:15,1
DA:16,1
DA:17,1
DA:20,1
DA:24,1
DA:28,1
DA:29,1
DA:32,1
DA:33,1
DA:34,1
DA:36,1
DA:37,1
DA:39,1
LF:23
LH:20
BRDA:6,0,0,0
BRDA:13,1,0,0
BRDA:15,2,0,0
BRDA:17,3,0,0
BRDA:20,4,0,10
BRDA:32,5,0,11
BRF:6
BRH:2
end_of_record
TN:
SF:src/controllers/ai.controller.ts
FN:6,chat
FN:92,recommendations
FN:118,parseRecommendationRequest
FNF:3
FNH:0
FNDA:0,chat
FNDA:0,recommendations
FNDA:0,parseRecommendationRequest
DA:2,1
DA:3,1
DA:4,1
DA:6,0
DA:7,0
DA:8,0
DA:9,0
DA:12,0
DA:21,0
DA:22,0
DA:23,0
DA:24,0
DA:25,0
DA:26,0
DA:28,0
DA:29,0
DA:31,0
DA:32,0
DA:33,0
DA:34,0
DA:36,0
DA:37,0
DA:38,0
DA:39,0
DA:40,0
DA:41,0
DA:43,0
DA:44,0
DA:45,0
DA:46,0
DA:47,0
DA:48,0
DA:50,0
DA:51,0
DA:52,0
DA:54,0
DA:55,0
DA:56,0
DA:57,0
DA:58,0
DA:59,0
DA:60,0
DA:61,0
DA:63,0
DA:64,0
DA:65,0
DA:66,0
DA:68,0
DA:70,0
DA:71,0
DA:72,0
DA:73,0
DA:74,0
DA:75,0
DA:76,0
DA:78,0
DA:79,0
DA:80,0
DA:81,0
DA:82,0
DA:83,0
DA:84,0
DA:85,0
DA:86,0
DA:87,0
DA:88,0
DA:89,0
DA:90,0
DA:92,0
DA:93,0
DA:94,0
DA:95,0
DA:96,0
DA:97,0
DA:98,0
DA:99,0
DA:100,0
DA:101,0
DA:102,0
DA:103,0
DA:104,0
DA:105,0
DA:106,0
DA:107,0
DA:108,0
DA:109,0
DA:110,0
DA:118,0
DA:119,0
DA:121,0
DA:122,0
DA:123,0
DA:124,0
DA:125,0
DA:127,0
DA:130,0
DA:131,0
DA:132,0
DA:133,0
DA:134,0
DA:135,0
DA:136,0
DA:137,0
DA:138,0
DA:139,0
DA:140,0
DA:141,0
DA:142,0
DA:143,0
DA:144,0
DA:145,0
DA:146,0
DA:148,0
DA:149,0
DA:150,0
DA:151,0
DA:152,0
DA:153,0
DA:154,0
DA:155,0
DA:156,0
DA:157,0
DA:158,0
DA:159,0
DA:162,0
DA:163,0
DA:164,0
DA:165,0
DA:168,0
DA:169,0
DA:170,0
DA:173,0
DA:174,0
DA:175,0
DA:176,0
DA:177,0
DA:178,0
DA:179,0
DA:182,0
DA:183,0
DA:184,0
DA:185,0
DA:186,0
DA:187,0
DA:188,0
DA:189,0
DA:190,0
DA:191,0
DA:192,0
DA:193,0
DA:195,0
DA:196,0
DA:197,0
LF:153
LH:3
BRF:0
BRH:0
end_of_record
TN:
SF:src/controllers/auth.controller.ts
FN:7,login
FN:24,register
FNF:2
FNH:2
FNDA:4,login
FNDA:33,register
DA:2,1
DA:3,1
DA:5,1
DA:7,1
DA:8,4
DA:9,4
DA:10,4
DA:12,2
DA:13,2
DA:15,2
DA:16,2
DA:17,2
DA:18,2
DA:19,0
DA:20,0
DA:21,4
DA:24,1
DA:25,33
DA:26,33
DA:28,33
DA:29,33
DA:31,33
DA:32,33
DA:35,33
DA:36,33
DA:37,33
DA:38,33
DA:39,33
DA:41,0
DA:42,0
DA:44,0
DA:45,0
DA:47,0
DA:48,0
DA:49,0
DA:50,0
DA:51,0
DA:52,0
DA:53,0
DA:54,33
DA:55,1
LF:41
LH:28
BRDA:7,0,0,4
BRDA:10,1,0,2
BRDA:15,2,0,0
BRDA:18,3,0,0
BRDA:24,4,0,33
BRDA:28,5,0,0
BRDA:36,6,0,0
BRDA:36,7,0,0
BRDA:36,8,0,0
BRDA:39,9,0,0
BRF:10
BRH:3
end_of_record
TN:
SF:src/controllers/followRequest.controller.ts
FN:6,create
FN:27,accept
FN:45,reject
FN:62,cancel
FN:79,getPendingRequests
FN:95,getSentRequests
FN:111,checkPendingRequest
FNF:7
FNH:0
FNDA:0,create
FNDA:0,accept
FNDA:0,reject
FNDA:0,cancel
FNDA:0,getPendingRequests
FNDA:0,getSentRequests
FNDA:0,checkPendingRequest
DA:2,1
DA:4,1
DA:6,1
DA:7,0
DA:8,0
DA:9,0
DA:11,0
DA:12,0
DA:13,0
DA:15,0
DA:16,0
DA:17,0
DA:19,0
DA:20,0
DA:21,0
DA:22,0
DA:23,0
DA:24,0
DA:27,1
DA:28,0
DA:29,0
DA:30,0
DA:32,0
DA:33,0
DA:34,0
DA:36,0
DA:37,0
DA:38,0
DA:39,0
DA:40,0
DA:41,0
DA:42,0
DA:45,1
DA:46,0
DA:47,0
DA:48,0
DA:50,0
DA:51,0
DA:52,0
DA:54,0
DA:55,0
DA:56,0
DA:57,0
DA:58,0
DA:59,0
DA:62,1
DA:63,0
DA:64,0
DA:65,0
DA:67,0
DA:68,0
DA:69,0
DA:71,0
DA:72,0
DA:73,0
DA:74,0
DA:75,0
DA:76,0
DA:79,1
DA:80,0
DA:81,0
DA:83,0
DA:84,0
DA:85,0
DA:87,0
DA:88,0
DA:89,0
DA:90,0
DA:91,0
DA:92,0
DA:95,1
DA:96,0
DA:97,0
DA:99,0
DA:100,0
DA:101,0
DA:103,0
DA:104,0
DA:105,0
DA:106,0
DA:107,0
DA:108,0
DA:111,1
DA:112,0
DA:113,0
DA:114,0
DA:116,0
DA:117,0
DA:118,0
DA:120,0
DA:121,0
DA:122,0
DA:123,0
DA:124,0
DA:125,0
DA:126,1
LF:96
LH:10
BRF:0
BRH:0
end_of_record
TN:
SF:src/controllers/index.ts
FNF:0
FNH:0
DA:1,1
DA:2,1
DA:3,1
DA:4,1
DA:5,1
LF:5
LH:5
BRF:0
BRH:0
end_of_record
TN:
SF:src/controllers/item.controller.ts
FN:5,getAllItem
FN:16,create
FN:27,update
FN:39,delete
FN:50,getById
FN:62,getFriendsRatings
FN:76,getTop
FNF:7
FNH:5
FNDA:1,getAllItem
FNDA:2,create
FNDA:1,update
FNDA:1,delete
FNDA:3,getById
FNDA:0,getFriendsRatings
FNDA:0,getTop
DA:2,1
DA:4,1
DA:5,1
DA:6,1
DA:7,1
DA:8,1
DA:9,1
DA:10,0
DA:11,0
DA:12,0
DA:13,0
DA:14,1
DA:16,1
DA:17,2
DA:18,2
DA:19,2
DA:20,2
DA:21,0
DA:22,0
DA:23,0
DA:24,0
DA:25,2
DA:27,1
DA:28,1
DA:29,1
DA:30,1
DA:31,1
DA:32,1
DA:33,0
DA:34,0
DA:35,0
DA:36,0
DA:37,1
DA:39,1
DA:40,1
DA:41,1
DA:42,1
DA:43,1
DA:44,1
DA:45,0
DA:46,0
DA:47,0
DA:48,0
DA:49,1
DA:50,1
DA:51,3
DA:52,3
DA:53,3
DA:54,3
DA:55,2
DA:56,3
DA:57,0
DA:58,0
DA:59,0
DA:60,0
DA:61,3
DA:62,1
DA:63,0
DA:65,0
DA:66,0
DA:67,0
DA:68,0
DA:70,0
DA:71,0
DA:72,0
DA:73,0
DA:74,0
DA:75,0
DA:76,1
DA:77,0
DA:78,0
DA:79,0
DA:80,0
DA:81,0
DA:82,0
DA:83,0
DA:84,0
DA:85,0
DA:86,0
DA:87,1
LF:80
LH:39
BRDA:5,0,0,1
BRDA:9,1,0,0
BRDA:16,2,0,2
BRDA:20,3,0,0
BRDA:27,4,0,1
BRDA:32,5,0,0
BRDA:39,6,0,1
BRDA:44,7,0,0
BRDA:50,8,0,3
BRDA:54,9,0,1
BRDA:54,10,0,2
BRDA:56,11,0,0
BRF:12
BRH:7
end_of_record
TN:
SF:src/controllers/notification.controller.ts
FN:6,getAll
FN:23,getUnread
FN:39,countUnread
FN:55,markAsRead
FN:72,markAllAsRead
FN:88,delete
FNF:6
FNH:0
FNDA:0,getAll
FNDA:0,getUnread
FNDA:0,countUnread
FNDA:0,markAsRead
FNDA:0,markAllAsRead
FNDA:0,delete
DA:2,1
DA:4,1
DA:6,1
DA:7,0
DA:8,0
DA:10,0
DA:11,0
DA:12,0
DA:14,0
DA:15,0
DA:16,0
DA:17,0
DA:18,0
DA:19,0
DA:20,0
DA:23,1
DA:24,0
DA:25,0
DA:27,0
DA:28,0
DA:29,0
DA:31,0
DA:32,0
DA:33,0
DA:34,0
DA:35,0
DA:36,0
DA:39,1
DA:40,0
DA:41,0
DA:43,0
DA:44,0
DA:45,0
DA:47,0
DA:48,0
DA:49,0
DA:50,0
DA:51,0
DA:52,0
DA:55,1
DA:56,0
DA:57,0
DA:58,0
DA:60,0
DA:61,0
DA:62,0
DA:64,0
DA:65,0
DA:66,0
DA:67,0
DA:68,0
DA:69,0
DA:72,1
DA:73,0
DA:74,0
DA:76,0
DA:77,0
DA:78,0
DA:80,0
DA:81,0
DA:82,0
DA:83,0
DA:84,0
DA:85,0
DA:88,1
DA:89,0
DA:90,0
DA:91,0
DA:93,0
DA:94,0
DA:95,0
DA:97,0
DA:98,0
DA:99,0
DA:100,0
DA:101,0
DA:102,0
DA:103,1
LF:78
LH:9
BRF:0
BRH:0
end_of_record
TN:
SF:src/controllers/search.controller.ts
FN:7,searchBooks
FN:21,searchMovies
FN:36,fetchBook
FN:52,fetchMovie
FN:68,searchSeries
FN:81,searchFriends
FN:109,fetchSeries
FNF:7
FNH:3
FNDA:0,searchBooks
FNDA:1,searchMovies
FNDA:0,fetchBook
FNDA:1,fetchMovie
FNDA:0,searchSeries
FNDA:2,searchFriends
FNDA:0,fetchSeries
DA:2,1
DA:3,1
DA:5,1
DA:7,1
DA:8,0
DA:9,0
DA:10,0
DA:11,0
DA:12,0
DA:13,0
DA:14,0
DA:15,0
DA:16,0
DA:17,0
DA:21,1
DA:22,1
DA:23,1
DA:24,1
DA:25,1
DA:28,1
DA:29,1
DA:30,1
DA:31,0
DA:32,0
DA:33,1
DA:36,1
DA:37,0
DA:38,0
DA:39,0
DA:41,0
DA:44,0
DA:45,0
DA:46,0
DA:47,0
DA:48,0
DA:52,1
DA:53,1
DA:54,1
DA:55,1
DA:57,1
DA:60,1
DA:61,1
DA:62,0
DA:63,0
DA:64,1
DA:68,1
DA:69,0
DA:70,0
DA:71,0
DA:72,0
DA:73,0
DA:74,0
DA:75,0
DA:76,0
DA:77,0
DA:78,0
DA:81,1
DA:82,2
DA:83,2
DA:84,2
DA:85,2
DA:87,2
DA:88,0
DA:89,2
DA:91,2
DA:92,2
DA:93,2
DA:95,2
DA:96,2
DA:97,2
DA:98,2
DA:99,2
DA:101,2
DA:102,2
DA:103,0
DA:104,0
DA:105,2
DA:109,1
DA:110,0
DA:111,0
DA:112,0
DA:114,0
DA:117,0
DA:118,0
DA:119,0
DA:120,0
DA:121,0
DA:122,1
LF:88
LH:43
BRDA:21,0,0,1
BRDA:23,1,0,0
BRDA:25,2,0,0
BRDA:25,3,0,0
BRDA:30,4,0,0
BRDA:52,5,0,1
BRDA:55,6,0,0
BRDA:61,7,0,0
BRDA:81,8,0,2
BRDA:84,9,0,0
BRDA:84,10,0,0
BRDA:87,11,0,0
BRDA:92,12,0,0
BRDA:102,13,0,0
BRF:14
BRH:3
end_of_record
TN:
SF:src/controllers/stats.controller.ts
FN:8,getStats
FN:40,computeTopRated
FN:67,refreshTopRated
FN:88,getTopRated
FN:106,computeAllReviews
FN:121,computeCombined
FN:139,refreshCombined
FN:159,getCombinedStats
FNF:8
FNH:4
FNDA:0,getStats
FNDA:8,computeTopRated
FNDA:10,refreshTopRated
FNDA:0,getTopRated
FNDA:0,computeAllReviews
FNDA:4,computeCombined
FNDA:10,refreshCombined
FNDA:0,getCombinedStats
DA:2,1
DA:3,1
DA:4,1
DA:6,1
DA:8,1
DA:9,0
DA:10,0
DA:12,0
DA:13,0
DA:14,0
DA:15,0
DA:17,0
DA:20,0
DA:21,0
DA:22,0
DA:25,0
DA:26,0
DA:27,0
DA:28,0
DA:29,0
DA:30,1
DA:32,1
DA:37,1
DA:38,1
DA:40,8
DA:42,8
DA:43,8
DA:44,8
DA:45,8
DA:46,8
DA:47,8
DA:48,8
DA:49,8
DA:50,8
DA:52,8
DA:53,8
DA:54,8
DA:56,8
DA:57,8
DA:58,8
DA:59,8
DA:60,8
DA:62,8
DA:64,8
DA:65,8
DA:67,10
DA:68,10
DA:70,10
DA:72,6
DA:73,6
DA:74,6
DA:75,4
DA:76,4
DA:77,4
DA:80,0
DA:81,0
DA:82,10
DA:85,1
DA:86,1
DA:88,1
DA:89,0
DA:91,0
DA:92,0
DA:93,0
DA:94,0
DA:96,0
DA:97,0
DA:98,0
DA:99,0
DA:100,0
DA:104,1
DA:106,0
DA:108,0
DA:109,0
DA:110,0
DA:111,0
DA:112,0
DA:113,0
DA:114,0
DA:115,0
DA:117,0
DA:118,0
DA:119,0
DA:121,4
DA:123,4
DA:124,4
DA:125,4
DA:126,4
DA:128,4
DA:129,4
DA:130,4
DA:131,4
DA:132,4
DA:134,4
DA:136,4
DA:137,4
DA:139,10
DA:140,10
DA:142,10
DA:144,6
DA:145,6
DA:146,6
DA:147,4
DA:148,4
DA:149,4
DA:151,0
DA:152,0
DA:153,10
DA:156,1
DA:157,1
DA:159,1
DA:160,0
DA:161,0
DA:162,0
DA:163,0
DA:164,0
DA:166,0
DA:167,0
DA:168,0
DA:169,0
DA:170,0
LF:121
LH:70
BRDA:40,0,0,8
BRDA:64,1,0,0
BRDA:67,2,0,10
BRDA:70,3,0,6
BRDA:74,4,0,4
BRDA:77,5,0,0
BRDA:121,6,0,4
BRDA:134,7,0,0
BRDA:134,8,0,0
BRDA:139,9,0,10
BRDA:142,10,0,6
BRDA:146,11,0,4
BRDA:149,12,0,0
BRF:13
BRH:8
end_of_record
TN:
SF:src/controllers/user.controller.ts
FN:7,getAllUser
FN:18,create
FN:29,update
FN:50,delete
FN:61,addRating
FN:72,getRatings
FN:84,deleteRating
FN:94,getUserById
FN:105,getFollows
FN:115,getFollowers
FN:125,getFollowing
FN:134,getFeed
FN:146,follow
FN:160,unfollow
FN:173,addItem
FN:184,deleteItem
FN:194,getRecommendations
FNF:17
FNH:9
FNDA:0,getAllUser
FNDA:0,create
FNDA:2,update
FNDA:0,delete
FNDA:2,addRating
FNDA:4,getRatings
FNDA:2,deleteRating
FNDA:0,getUserById
FNDA:1,getFollows
FNDA:0,getFollowers
FNDA:0,getFollowing
FNDA:0,getFeed
FNDA:3,follow
FNDA:2,unfollow
FNDA:2,addItem
FNDA:2,deleteItem
FNDA:0,getRecommendations
DA:3,1
DA:4,1
DA:6,1
DA:7,1
DA:8,0
DA:9,0
DA:10,0
DA:11,0
DA:12,0
DA:13,0
DA:14,0
DA:15,0
DA:16,0
DA:18,1
DA:19,0
DA:20,0
DA:21,0
DA:22,0
DA:23,0
DA:24,0
DA:25,0
DA:26,0
DA:27,0
DA:29,1
DA:30,2
DA:31,2
DA:32,2
DA:33,1
DA:34,1
DA:36,1
DA:37,1
DA:38,1
DA:41,1
DA:42,0
DA:43,0
DA:46,0
DA:47,0
DA:48,2
DA:50,1
DA:51,0
DA:52,0
DA:53,0
DA:54,0
DA:55,0
DA:56,0
DA:57,0
DA:58,0
DA:59,0
DA:60,0
DA:61,1
DA:62,2
DA:63,2
DA:64,2
DA:65,2
DA:66,2
DA:67,2
DA:68,0
DA:69,0
DA:70,2
DA:72,1
DA:73,4
DA:74,4
DA:75,4
DA:76,4
DA:77,4
DA:78,4
DA:79,4
DA:80,0
DA:81,0
DA:82,4
DA:84,1
DA:85,2
DA:86,2
DA:87,2
DA:88,2
DA:89,2
DA:90,0
DA:91,0
DA:92,2
DA:94,1
DA:95,0
DA:96,0
DA:97,0
DA:98,0
DA:99,0
DA:100,0
DA:101,0
DA:102,0
DA:103,0
DA:105,1
DA:106,1
DA:107,1
DA:108,1
DA:109,1
DA:110,1
DA:111,0
DA:112,0
DA:113,1
DA:115,1
DA:116,0
DA:117,0
DA:118,0
DA:119,0
DA:120,0
DA:121,0
DA:122,0
DA:123,0
DA:125,1
DA:126,0
DA:127,0
DA:128,0
DA:129,0
DA:130,0
DA:131,0
DA:132,0
DA:133,0
DA:134,1
DA:135,0
DA:136,0
DA:137,0
DA:138,0
DA:139,0
DA:140,0
DA:141,0
DA:142,0
DA:143,0
DA:144,0
DA:146,1
DA:147,3
DA:148,3
DA:149,3
DA:150,3
DA:151,3
DA:153,3
DA:154,3
DA:155,3
DA:156,0
DA:157,0
DA:158,3
DA:160,1
DA:161,2
DA:162,2
DA:163,2
DA:164,2
DA:165,2
DA:166,2
DA:167,2
DA:168,2
DA:169,0
DA:170,0
DA:171,2
DA:173,1
DA:174,2
DA:175,2
DA:176,2
DA:177,2
DA:178,2
DA:179,2
DA:180,0
DA:181,0
DA:182,2
DA:184,1
DA:185,2
DA:186,2
DA:187,2
DA:188,2
DA:189,2
DA:190,0
DA:191,0
DA:192,2
DA:194,1
DA:195,0
DA:196,0
DA:197,0
DA:198,0
DA:200,0
DA:201,0
DA:202,0
DA:203,0
DA:204,0
DA:205,0
DA:207,1
LF:182
LH:89
BRDA:29,0,0,2
BRDA:32,1,0,1
BRDA:37,2,0,0
BRDA:38,3,0,0
BRDA:41,4,0,0
BRDA:61,5,0,2
BRDA:67,6,0,0
BRDA:72,7,0,4
BRDA:79,8,0,0
BRDA:84,9,0,2
BRDA:89,10,0,0
BRDA:105,11,0,1
BRDA:110,12,0,0
BRDA:146,13,0,3
BRDA:150,14,0,0
BRDA:155,15,0,0
BRDA:160,16,0,2
BRDA:164,17,0,0
BRDA:168,18,0,0
BRDA:173,19,0,2
BRDA:179,20,0,0
BRDA:184,21,0,2
BRDA:189,22,0,0
BRF:23
BRH:10
end_of_record
TN:
SF:src/database/index.ts
FN:5,connectDB
FN:25,dropTestDatabase
FNF:2
FNH:2
FNDA:8,connectDB
FNDA:33,dropTestDatabase
DA:1,1
DA:2,1
DA:5,1
DA:6,8
DA:7,8
DA:8,8
DA:9,8
DA:11,8
DA:12,8
DA:13,8
DA:14,8
DA:15,8
DA:16,0
DA:18,0
DA:19,0
DA:20,0
DA:21,0
DA:22,0
DA:23,8
DA:25,1
DA:26,33
DA:27,33
DA:28,33
DA:29,33
DA:30,33
DA:31,33
DA:32,33
DA:33,33
DA:34,33
DA:35,0
DA:36,0
DA:37,33
LF:32
LH:24
BRDA:5,0,0,8
BRDA:8,1,0,0
BRDA:8,2,0,0
BRDA:9,3,0,0
BRDA:9,4,0,0
BRDA:15,5,0,0
BRDA:25,6,0,33
BRDA:27,7,0,0
BRDA:34,8,0,0
BRF:9
BRH:2
end_of_record
TN:
SF:src/middlewares/auth.middleware.ts
FN:5,verifyToken
FNF:1
FNH:1
FNDA:27,verifyToken
DA:2,1
DA:3,1
DA:5,1
DA:6,27
DA:7,27
DA:8,2
DA:9,2
DA:11,25
DA:12,25
DA:13,25
DA:15,25
DA:16,25
DA:17,27
DA:18,0
DA:19,0
DA:20,27
LF:16
LH:14
BRDA:5,0,0,27
BRDA:7,1,0,25
BRDA:7,2,0,25
BRDA:7,3,0,2
BRDA:17,4,0,0
BRF:5
BRH:4
end_of_record
TN:
SF:src/middlewares/owner.middleware.ts
FN:4,checkOwnership
FNF:1
FNH:1
FNDA:16,checkOwnership
DA:4,1
DA:5,16
DA:6,16
DA:8,16
DA:9,0
DA:10,0
DA:13,16
DA:14,0
DA:15,0
DA:17,16
DA:18,1
DA:19,1
DA:21,15
DA:22,15
LF:14
LH:10
BRDA:4,0,0,16
BRDA:6,1,0,0
BRDA:8,2,0,0
BRDA:13,3,0,0
BRDA:17,4,0,1
BRDA:19,5,0,15
BRF:6
BRH:3
end_of_record
TN:
SF:src/middlewares/validateUser.middleware.ts
FN:5,validateUser
FNF:1
FNH:1
FNDA:35,validateUser
DA:2,1
DA:5,1
DA:6,35
DA:7,35
DA:9,35
DA:10,0
DA:11,0
DA:13,35
DA:14,35
DA:15,0
DA:16,0
DA:18,35
DA:19,0
DA:20,0
DA:22,35
DA:25,0
DA:26,0
DA:28,35
DA:29,0
DA:30,0
DA:33,35
DA:34,35
DA:35,35
DA:36,2
DA:37,2
DA:39,33
DA:40,35
DA:41,0
DA:42,0
DA:43,35
DA:44,0
DA:45,0
DA:47,33
DA:48,33
LF:34
LH:20
BRDA:5,0,0,35
BRDA:9,1,0,0
BRDA:14,2,0,0
BRDA:18,3,0,0
BRDA:22,4,0,0
BRDA:28,5,0,0
BRDA:35,6,0,2
BRDA:37,7,0,33
BRDA:40,8,0,0
BRDA:43,9,0,0
BRDA:45,10,0,33
BRF:11
BRH:4
end_of_record
TN:
SF:src/models/enums.ts
FNF:0
FNH:0
DA:2,1
DA:3,1
DA:4,1
DA:7,1
DA:8,1
DA:9,1
DA:10,1
DA:13,1
LF:8
LH:8
BRDA:2,0,0,10
BRDA:7,1,0,10
BRF:2
BRH:2
end_of_record
TN:
SF:src/models/followRequest.model.ts
FNF:0
FNH:0
DA:1,1
DA:10,1
DA:11,1
DA:12,1
DA:13,1
DA:14,1
DA:15,1
DA:16,1
DA:17,1
DA:18,1
DA:19,1
DA:20,1
DA:21,1
DA:22,1
DA:23,1
DA:24,1
DA:25,1
DA:26,1
DA:27,1
DA:28,1
DA:29,1
DA:30,1
DA:33,1
DA:34,1
DA:36,1
DA:37,8
DA:39,1
DA:40,1
LF:28
LH:28
BRDA:36,0,0,8
BRF:1
BRH:1
end_of_record
TN:
SF:src/models/index.ts
FNF:0
FNH:0
DA:1,1
DA:2,1
DA:3,1
DA:4,1
LF:4
LH:4
BRF:0
BRH:0
end_of_record
TN:
SF:src/models/item.model.ts
FNF:0
FNH:0
DA:1,1
DA:2,1
DA:18,1
DA:19,1
DA:20,1
DA:21,1
DA:22,1
DA:23,1
DA:24,1
DA:25,1
DA:26,1
DA:27,1
DA:28,1
DA:29,1
DA:30,1
DA:31,1
DA:32,1
DA:33,1
DA:34,1
DA:35,1
DA:36,1
DA:37,1
DA:38,1
DA:39,1
DA:40,1
DA:41,1
DA:42,1
DA:43,1
DA:44,1
DA:45,1
DA:46,1
DA:47,1
DA:48,1
DA:49,1
DA:50,1
DA:52,1
DA:53,1
DA:54,1
DA:56,1
DA:57,1
DA:58,1
DA:59,1
DA:60,1
DA:61,1
DA:64,1
DA:66,1
LF:46
LH:46
BRDA:64,0,0,8
BRF:1
BRH:1
end_of_record
TN:
SF:src/models/notification.model.ts
FNF:0
FNH:0
DA:1,1
DA:13,1
DA:14,1
DA:15,1
DA:16,1
DA:17,1
DA:18,1
DA:19,1
DA:20,1
DA:21,1
DA:22,1
DA:23,1
DA:24,1
DA:25,1
DA:26,1
DA:27,1
DA:28,1
DA:29,1
DA:30,1
DA:31,1
DA:32,1
DA:33,1
DA:34,1
DA:35,1
DA:36,1
DA:37,1
DA:38,1
DA:39,1
DA:40,1
DA:41,1
DA:42,1
DA:43,1
DA:44,1
DA:47,1
DA:49,1
DA:50,8
DA:52,1
DA:53,1
LF:38
LH:38
BRDA:49,0,0,8
BRF:1
BRH:1
end_of_record
TN:
SF:src/models/user.model.ts
FNF:0
FNH:0
DA:1,1
DA:2,1
DA:3,1
DA:24,1
DA:25,1
DA:26,1
DA:27,1
DA:28,1
DA:29,1
DA:30,1
DA:31,1
DA:32,1
DA:33,1
DA:34,1
DA:35,1
DA:36,1
DA:37,1
DA:38,1
DA:39,1
DA:40,1
DA:41,1
DA:42,1
DA:43,1
DA:44,1
DA:45,1
DA:46,1
DA:47,1
DA:48,1
DA:49,1
DA:50,1
DA:51,1
DA:52,1
DA:53,1
DA:54,1
DA:55,1
DA:56,1
DA:57,1
DA:58,1
DA:59,1
DA:60,1
DA:61,1
DA:62,1
DA:63,1
DA:64,1
DA:65,1
DA:66,1
DA:67,1
DA:68,1
DA:69,1
DA:70,1
DA:71,1
DA:72,1
DA:73,1
DA:74,1
DA:75,1
DA:76,1
DA:77,1
DA:78,1
DA:79,1
DA:80,1
DA:81,1
DA:82,1
DA:83,1
DA:84,1
DA:85,1
DA:86,1
DA:87,1
DA:88,1
DA:89,1
DA:90,1
DA:91,1
DA:92,1
DA:93,1
DA:94,1
DA:95,1
DA:96,1
DA:97,1
DA:98,1
DA:99,1
DA:100,1
DA:101,1
DA:102,1
DA:103,1
DA:104,1
DA:105,1
DA:106,1
DA:107,1
DA:108,1
DA:109,1
DA:110,1
DA:111,1
DA:112,1
DA:113,1
DA:114,1
DA:115,1
DA:116,1
DA:117,1
DA:118,1
DA:119,1
DA:120,1
DA:121,1
DA:123,1
DA:124,1
DA:125,1
DA:126,1
DA:127,1
DA:128,1
DA:129,1
DA:130,1
DA:133,1
DA:136,1
DA:137,1
LF:112
LH:112
BRDA:133,0,0,8
BRF:1
BRH:1
end_of_record
TN:
SF:src/routes/ai.route.ts
FNF:0
FNH:0
DA:1,1
DA:2,1
DA:4,1
DA:6,1
DA:7,1
DA:9,1
LF:6
LH:6
BRF:0
BRH:0
end_of_record
TN:
SF:src/routes/auth.route.ts
FNF:0
FNH:0
DA:10,1
DA:11,1
DA:12,1
DA:14,1
DA:16,1
DA:17,1
DA:19,1
LF:7
LH:7
BRF:0
BRH:0
end_of_record
TN:
SF:src/routes/followRequest.route.ts
FNF:0
FNH:0
DA:1,1
DA:2,1
DA:3,1
DA:5,1
DA:8,1
DA:11,1
DA:14,1
DA:17,1
DA:20,1
DA:23,1
DA:26,1
DA:29,1
DA:31,1
LF:13
LH:13
BRF:0
BRH:0
end_of_record
TN:
SF:src/routes/index.ts
FNF:0
FNH:0
DA:1,1
DA:2,1
DA:3,1
DA:4,1
DA:5,1
DA:6,1
DA:7,1
DA:8,1
DA:9,1
DA:11,1
DA:12,1
DA:13,1
DA:14,1
DA:15,1
DA:16,1
DA:17,1
DA:18,1
DA:19,1
DA:20,1
DA:21,1
LF:20
LH:20
BRF:0
BRH:0
end_of_record
TN:
SF:src/routes/item.route.ts
FNF:0
FNH:0
DA:1,1
DA:3,1
DA:4,1
DA:6,1
DA:8,1
DA:9,1
DA:11,1
DA:13,1
DA:16,1
DA:18,1
DA:20,1
DA:22,1
DA:24,1
LF:13
LH:13
BRF:0
BRH:0
end_of_record
TN:
SF:src/routes/notification.route.ts
FNF:0
FNH:0
DA:1,1
DA:2,1
DA:3,1
DA:5,1
DA:8,1
DA:11,1
DA:14,1
DA:17,1
DA:20,1
DA:23,1
DA:26,1
DA:28,1
LF:12
LH:12
BRF:0
BRH:0
end_of_record
TN:
SF:src/routes/search.route.ts
FNF:0
FNH:0
DA:1,1
DA:2,1
DA:4,1
DA:7,1
DA:10,1
DA:13,1
DA:16,1
DA:19,1
DA:22,1
DA:25,1
DA:27,1
LF:11
LH:11
BRF:0
BRH:0
end_of_record
TN:
SF:src/routes/stats.route.ts
FNF:0
FNH:0
DA:1,1
DA:2,1
DA:4,1
DA:6,1
DA:7,1
DA:9,1
DA:11,1
LF:7
LH:7
BRF:0
BRH:0
end_of_record
TN:
SF:src/routes/test.route.ts
FNF:0
FNH:0
DA:1,1
DA:2,1
DA:4,1
DA:7,1
DA:8,3
DA:9,3
DA:10,3
DA:11,3
DA:12,3
DA:13,3
DA:14,0
DA:15,0
DA:16,0
DA:17,3
DA:19,1
LF:15
LH:12
BRDA:7,0,0,3
BRDA:10,1,0,0
BRDA:13,2,0,0
BRF:3
BRH:1
end_of_record
TN:
SF:src/routes/user.route.ts
FNF:0
FNH:0
DA:1,1
DA:3,1
DA:4,1
DA:5,1
DA:6,1
DA:10,1
DA:12,1
DA:15,1
DA:18,1
DA:21,1
DA:24,1
DA:28,1
DA:31,1
DA:35,1
DA:37,1
DA:40,1
DA:43,1
DA:46,1
DA:49,1
DA:53,1
DA:56,1
DA:57,1
DA:60,1
DA:61,1
DA:63,1
LF:25
LH:25
BRF:0
BRH:0
end_of_record
TN:
SF:src/services/ai.service.ts
FN:14,askLocalModel
FN:82,localFallbackReply
FNF:2
FNH:0
FNDA:0,askLocalModel
FNDA:0,localFallbackReply
DA:1,1
DA:6,1
DA:7,1
DA:10,1
DA:14,0
DA:15,0
DA:16,0
DA:19,0
DA:20,0
DA:22,0
DA:23,0
DA:24,0
DA:26,0
DA:27,0
DA:28,0
DA:30,0
DA:31,0
DA:32,0
DA:33,0
DA:34,0
DA:35,0
DA:36,0
DA:37,0
DA:38,0
DA:39,0
DA:40,0
DA:41,0
DA:42,0
DA:43,0
DA:44,0
DA:45,0
DA:47,0
DA:48,0
DA:49,0
DA:50,0
DA:51,0
DA:52,0
DA:53,0
DA:54,0
DA:55,0
DA:57,0
DA:58,0
DA:59,0
DA:60,0
DA:61,0
DA:63,0
DA:64,0
DA:65,0
DA:67,0
DA:68,0
DA:69,0
DA:70,0
DA:71,0
DA:72,0
DA:73,0
DA:74,0
DA:75,0
DA:76,0
DA:77,0
DA:78,0
DA:79,0
DA:82,0
DA:84,0
DA:85,0
LF:64
LH:4
BRF:0
BRH:0
end_of_record
TN:
SF:src/services/ai_recommendation.service.ts
FN:8,findByTypeAndGenre
FNF:1
FNH:0
FNDA:0,findByTypeAndGenre
DA:1,1
DA:4,1
DA:8,1
DA:9,0
DA:10,0
DA:11,0
DA:14,0
DA:15,0
DA:16,0
DA:17,0
DA:18,0
DA:21,0
DA:22,0
DA:23,0
DA:24,0
DA:25,0
DA:26,0
DA:27,0
DA:28,0
DA:29,1
DA:31,1
LF:21
LH:5
BRF:0
BRH:0
end_of_record
TN:
SF:src/services/auth.service.ts
FN:7,login
FN:25,generateToken
FNF:2
FNH:2
FNDA:4,login
FNDA:33,generateToken
DA:1,1
DA:2,1
DA:3,1
DA:4,1
DA:6,1
DA:7,1
DA:8,4
DA:9,4
DA:11,4
DA:12,4
DA:15,2
DA:18,2
DA:19,2
DA:21,2
DA:22,4
DA:25,1
DA:26,33
DA:27,33
DA:28,33
DA:29,33
DA:30,33
DA:31,1
LF:22
LH:22
BRDA:7,0,0,4
BRDA:9,1,0,0
BRDA:12,2,0,2
BRDA:25,3,0,33
BRDA:26,4,0,0
BRF:5
BRH:3
end_of_record
TN:
SF:src/services/email_follow.service.ts
FN:6,sendFollowEmail
FNF:1
FNH:0
FNDA:0,sendFollowEmail
DA:1,1
DA:2,1
DA:3,1
DA:4,1
DA:6,0
DA:7,0
DA:8,0
DA:10,0
DA:21,0
DA:22,0
DA:31,0
DA:40,0
DA:41,0
DA:42,0
DA:43,0
DA:44,0
DA:45,0
DA:46,0
DA:47,0
DA:48,0
DA:49,0
DA:51,0
DA:52,0
DA:53,0
DA:55,0
DA:56,0
DA:57,0
DA:58,0
DA:59,0
DA:60,0
DA:61,0
DA:62,0
DA:64,0
DA:65,0
DA:66,0
DA:67,0
DA:68,0
DA:69,0
DA:70,0
DA:72,0
DA:73,0
DA:74,0
DA:75,0
DA:77,0
DA:78,0
DA:79,0
DA:81,0
DA:82,0
DA:84,0
DA:85,0
DA:87,1
LF:51
LH:5
BRF:0
BRH:0
end_of_record
TN:
SF:src/services/email_register.service.ts
FN:6,sendRegisterEmail
FNF:1
FNH:1
FNDA:33,sendRegisterEmail
DA:1,1
DA:2,1
DA:3,1
DA:4,1
DA:6,33
DA:8,33
DA:9,33
DA:12,33
DA:13,33
DA:14,33
DA:16,33
DA:28,33
DA:40,33
DA:49,33
DA:58,33
DA:74,33
DA:83,33
DA:84,0
DA:85,0
DA:86,0
DA:87,0
DA:88,0
DA:90,0
DA:93,0
DA:94,0
DA:95,0
DA:97,0
DA:98,0
DA:100,0
DA:102,0
DA:103,0
DA:104,0
DA:105,0
DA:106,0
DA:107,0
DA:108,0
DA:110,0
DA:111,0
DA:112,0
DA:113,0
DA:114,0
DA:115,0
DA:116,0
DA:118,0
DA:119,0
DA:120,0
DA:121,0
DA:122,0
DA:123,0
DA:124,0
DA:126,0
DA:127,0
DA:128,0
DA:130,0
DA:131,0
DA:132,0
DA:133,0
DA:135,0
DA:136,0
DA:137,0
DA:138,0
DA:141,0
DA:142,0
DA:143,0
DA:145,33
DA:146,33
DA:148,1
LF:67
LH:20
BRDA:6,0,0,33
BRDA:8,1,0,0
BRDA:40,2,0,0
BRDA:49,3,0,0
BRDA:58,4,0,0
BRDA:83,5,0,0
BRF:6
BRH:1
end_of_record
TN:
SF:src/services/followRequest.service.ts
FN:8,create
FN:68,accept
FN:128,reject
FN:152,getPendingRequests
FN:165,getSentRequests
FN:178,checkPendingRequest
FN:189,cancel
FNF:7
FNH:0
FNDA:0,create
FNDA:0,accept
FNDA:0,reject
FNDA:0,getPendingRequests
FNDA:0,getSentRequests
FNDA:0,checkPendingRequest
FNDA:0,cancel
DA:1,1
DA:2,1
DA:3,1
DA:6,1
DA:8,1
DA:10,0
DA:11,0
DA:12,0
DA:13,0
DA:16,0
DA:18,0
DA:19,0
DA:20,0
DA:21,0
DA:22,0
DA:25,0
DA:26,0
DA:27,0
DA:28,0
DA:29,0
DA:31,0
DA:32,0
DA:35,0
DA:36,0
DA:37,0
DA:38,0
DA:39,0
DA:41,0
DA:42,0
DA:43,0
DA:46,0
DA:47,0
DA:48,0
DA:49,0
DA:50,0
DA:53,0
DA:56,0
DA:57,0
DA:58,0
DA:59,0
DA:60,0
DA:61,0
DA:62,0
DA:64,0
DA:65,0
DA:68,1
DA:69,0
DA:71,0
DA:72,0
DA:73,0
DA:76,0
DA:77,0
DA:78,0
DA:80,0
DA:81,0
DA:82,0
DA:85,0
DA:86,0
DA:89,0
DA:90,0
DA:91,0
DA:92,0
DA:93,0
DA:96,0
DA:97,0
DA:98,0
DA:99,0
DA:100,0
DA:103,0
DA:104,0
DA:107,0
DA:108,0
DA:109,0
DA:110,0
DA:111,0
DA:112,0
DA:113,0
DA:116,0
DA:117,0
DA:118,0
DA:119,0
DA:120,0
DA:121,0
DA:122,0
DA:124,0
DA:125,0
DA:128,1
DA:129,0
DA:131,0
DA:132,0
DA:133,0
DA:136,0
DA:137,0
DA:138,0
DA:140,0
DA:141,0
DA:142,0
DA:145,0
DA:146,0
DA:148,0
DA:149,0
DA:152,1
DA:153,0
DA:154,0
DA:155,0
DA:156,0
DA:157,0
DA:158,0
DA:159,0
DA:161,0
DA:162,0
DA:165,1
DA:166,0
DA:167,0
DA:168,0
DA:169,0
DA:170,0
DA:171,0
DA:172,0
DA:174,0
DA:175,0
DA:178,1
DA:179,0
DA:180,0
DA:181,0
DA:182,0
DA:183,0
DA:185,0
DA:186,0
DA:189,1
DA:190,0
DA:192,0
DA:193,0
DA:194,0
DA:197,0
DA:198,0
DA:199,0
DA:201,0
DA:202,0
DA:203,0
DA:206,0
DA:207,0
DA:209,0
DA:210,0
DA:211,1
LF:145
LH:12
BRF:0
BRH:0
end_of_record
TN:
SF:src/services/index.ts
FNF:0
FNH:0
DA:1,1
DA:2,1
DA:3,1
DA:4,1
DA:5,1
DA:6,1
DA:7,1
DA:8,1
DA:9,1
DA:10,1
DA:11,1
DA:12,1
LF:12
LH:12
BRF:0
BRH:0
end_of_record
TN:
SF:src/services/item.service.ts
FN:7,getAll
FN:12,findByExternalId
FN:20,create
FN:24,update
FN:28,getById
FN:31,delete
FN:36,getFriendsRatingsForItem
FN:74,getTop
FNF:8
FNH:6
FNDA:1,getAll
FNDA:1,findByExternalId
FNDA:3,create
FNDA:1,update
FNDA:3,getById
FNDA:1,delete
FNDA:0,getFriendsRatingsForItem
FNDA:0,getTop
DA:1,1
DA:3,1
DA:4,1
DA:6,1
DA:7,1
DA:8,1
DA:9,1
DA:12,1
DA:13,1
DA:14,1
DA:15,1
DA:16,1
DA:17,1
DA:18,1
DA:20,1
DA:21,3
DA:22,3
DA:24,1
DA:25,1
DA:26,1
DA:28,1
DA:29,3
DA:30,3
DA:31,1
DA:32,1
DA:33,1
DA:36,1
DA:38,0
DA:39,0
DA:41,0
DA:42,0
DA:43,0
DA:44,0
DA:45,0
DA:46,0
DA:47,0
DA:48,0
DA:49,0
DA:51,0
DA:52,0
DA:53,0
DA:54,0
DA:55,0
DA:57,0
DA:60,0
DA:61,0
DA:62,0
DA:63,0
DA:64,0
DA:65,0
DA:66,0
DA:67,0
DA:69,0
DA:70,0
DA:71,0
DA:74,1
DA:76,0
DA:77,0
DA:78,0
DA:79,0
DA:80,0
DA:81,0
DA:82,0
DA:83,0
DA:84,0
DA:85,0
DA:86,0
DA:87,0
DA:88,0
DA:89,0
DA:90,0
DA:92,0
DA:94,0
DA:95,0
DA:96,0
DA:97,0
DA:98,0
DA:99,0
DA:100,0
DA:101,0
DA:102,0
DA:103,0
DA:104,1
LF:83
LH:29
BRDA:7,0,0,1
BRDA:12,1,0,1
BRDA:20,2,0,3
BRDA:24,3,0,1
BRDA:28,4,0,3
BRDA:31,5,0,1
BRF:6
BRH:6
end_of_record
TN:
SF:src/services/item_book.service.ts
FN:22,searchBooksByTitle
FN:88,fetchBookByGoogleId
FNF:2
FNH:0
FNDA:0,searchBooksByTitle
FNDA:0,fetchBookByGoogleId
DA:1,1
DA:2,1
DA:3,1
DA:4,1
DA:21,1
DA:22,1
DA:24,0
DA:25,0
DA:26,0
DA:27,0
DA:28,0
DA:29,0
DA:30,0
DA:32,0
DA:33,0
DA:35,0
DA:36,0
DA:37,0
DA:38,0
DA:39,0
DA:40,0
DA:41,0
DA:42,0
DA:43,0
DA:44,0
DA:45,0
DA:46,0
DA:47,0
DA:48,0
DA:49,0
DA:50,0
DA:52,0
DA:53,0
DA:56,0
DA:57,0
DA:58,0
DA:60,0
DA:62,0
DA:63,0
DA:64,0
DA:65,0
DA:67,0
DA:68,0
DA:70,0
DA:71,0
DA:72,0
DA:73,0
DA:74,0
DA:75,0
DA:76,0
DA:77,0
DA:78,0
DA:79,0
DA:80,0
DA:81,0
DA:82,0
DA:84,0
DA:85,0
DA:88,1
DA:89,0
DA:92,0
DA:93,0
DA:95,0
DA:96,0
DA:99,0
DA:101,0
DA:104,0
DA:106,0
DA:109,0
DA:110,0
DA:111,0
DA:112,0
DA:113,0
DA:114,0
DA:115,0
DA:116,0
DA:117,0
DA:118,0
DA:120,0
DA:121,0
DA:124,0
DA:127,0
DA:128,0
DA:129,1
LF:84
LH:8
BRF:0
BRH:0
end_of_record
TN:
SF:src/services/item_movie.service.ts
FN:24,searchMoviesByTitle
FN:142,fetchMovieByTmdbId
FNF:2
FNH:2
FNDA:1,searchMoviesByTitle
FNDA:1,fetchMovieByTmdbId
DA:1,1
DA:2,1
DA:3,1
DA:4,1
DA:19,1
DA:24,1
DA:25,1
DA:26,1
DA:30,1
DA:31,1
DA:34,1
DA:35,1
DA:37,1
DA:38,1
DA:39,1
DA:40,1
DA:41,1
DA:42,1
DA:43,1
DA:44,1
DA:45,1
DA:46,1
DA:47,1
DA:48,1
DA:49,1
DA:50,0
DA:51,0
DA:53,0
DA:54,0
DA:56,0
DA:57,0
DA:58,0
DA:59,0
DA:60,0
DA:61,0
DA:62,0
DA:63,0
DA:64,0
DA:65,0
DA:66,0
DA:68,0
DA:69,0
DA:71,0
DA:72,0
DA:73,0
DA:75,1
DA:76,1
DA:77,1
DA:78,1
DA:80,1
DA:81,1
DA:83,1
DA:84,1
DA:85,1
DA:88,1
DA:89,0
DA:90,0
DA:92,1
DA:93,10
DA:94,10
DA:95,10
DA:96,10
DA:97,10
DA:98,10
DA:99,10
DA:100,1
DA:105,1
DA:106,1
DA:107,1
DA:108,1
DA:109,1
DA:110,1
DA:113,0
DA:114,0
DA:115,0
DA:116,0
DA:118,0
DA:119,0
DA:121,0
DA:122,1
DA:123,1
DA:125,1
DA:126,0
DA:127,0
DA:128,0
DA:129,0
DA:130,0
DA:131,0
DA:132,0
DA:133,1
DA:135,1
DA:136,1
DA:137,1
DA:138,1
DA:139,1
DA:140,1
DA:142,1
DA:143,1
DA:146,1
DA:147,1
DA:148,0
DA:149,0
DA:151,1
DA:152,1
DA:155,1
DA:156,1
DA:157,1
DA:159,1
DA:160,1
DA:162,1
DA:163,1
DA:165,1
DA:166,1
DA:167,1
DA:168,1
DA:169,1
DA:170,1
DA:171,1
DA:172,1
DA:173,1
DA:174,1
DA:175,1
DA:177,1
DA:178,1
DA:180,1
DA:182,1
DA:183,1
DA:184,1
LF:128
LH:90
BRDA:24,0,0,1
BRDA:26,1,0,0
BRDA:35,2,0,0
BRDA:48,3,0,0
BRDA:49,4,0,0
BRDA:81,5,0,0
BRDA:83,6,0,0
BRDA:88,7,0,0
BRDA:106,8,0,0
BRDA:108,9,0,0
BRDA:109,10,0,0
BRDA:110,11,0,0
BRDA:136,12,0,0
BRDA:138,13,0,0
BRDA:139,14,0,0
BRDA:92,15,0,10
BRDA:94,16,0,0
BRDA:94,17,0,0
BRDA:98,18,0,0
BRDA:142,19,0,1
BRDA:143,20,0,0
BRDA:147,21,0,0
BRDA:152,22,0,0
BRDA:160,23,0,0
BRDA:162,24,0,0
BRDA:163,25,0,0
BRDA:167,26,0,0
BRDA:167,27,0,0
BRDA:170,28,0,0
BRDA:171,29,0,0
BRDA:162,30,0,1
BRDA:163,31,0,1
BRF:32
BRH:5
end_of_record
TN:
SF:src/services/item_series.service.ts
FN:20,searchShowsByTitle
FN:110,fetchShowByTmdbId
FNF:2
FNH:0
FNDA:0,searchShowsByTitle
FNDA:0,fetchShowByTmdbId
DA:1,1
DA:2,1
DA:3,1
DA:4,1
DA:19,1
DA:20,1
DA:21,0
DA:22,0
DA:25,0
DA:26,0
DA:29,0
DA:30,0
DA:31,0
DA:32,0
DA:33,0
DA:34,0
DA:35,0
DA:36,0
DA:37,0
DA:38,0
DA:39,0
DA:40,0
DA:41,0
DA:42,0
DA:43,0
DA:44,0
DA:45,0
DA:47,0
DA:48,0
DA:50,0
DA:51,0
DA:52,0
DA:53,0
DA:54,0
DA:55,0
DA:56,0
DA:57,0
DA:58,0
DA:59,0
DA:60,0
DA:62,0
DA:63,0
DA:64,0
DA:65,0
DA:66,0
DA:69,0
DA:70,0
DA:71,0
DA:72,0
DA:73,0
DA:74,0
DA:75,0
DA:76,0
DA:77,0
DA:79,0
DA:80,0
DA:82,0
DA:83,0
DA:84,0
DA:87,0
DA:88,0
DA:89,0
DA:90,0
DA:92,0
DA:93,0
DA:94,0
DA:95,0
DA:96,0
DA:97,0
DA:98,0
DA:99,0
DA:100,0
DA:103,0
DA:104,0
DA:105,0
DA:106,0
DA:107,0
DA:108,0
DA:110,1
DA:111,0
DA:114,0
DA:115,0
DA:116,0
DA:117,0
DA:119,0
DA:120,0
DA:123,0
DA:124,0
DA:125,0
DA:127,0
DA:128,0
DA:130,0
DA:131,0
DA:133,0
DA:134,0
DA:135,0
DA:136,0
DA:137,0
DA:138,0
DA:139,0
DA:140,0
DA:141,0
DA:142,0
DA:143,0
DA:144,0
DA:145,0
DA:147,0
DA:148,0
DA:150,0
DA:152,0
DA:153,0
DA:154,1
LF:112
LH:8
BRF:0
BRH:0
end_of_record
TN:
SF:src/services/mail.service.ts
FN:12,sendEmail
FNF:1
FNH:1
FNDA:33,sendEmail
DA:1,1
DA:2,1
DA:4,1
DA:9,9
DA:10,9
DA:12,33
DA:13,33
DA:16,33
DA:17,33
DA:18,33
DA:20,0
DA:21,0
DA:22,0
DA:23,0
DA:24,0
DA:25,0
DA:26,0
DA:27,0
DA:28,0
DA:29,0
DA:30,0
DA:31,0
DA:32,0
DA:33,0
DA:34,0
DA:35,0
DA:36,0
DA:37,0
DA:39,0
DA:40,0
DA:41,0
DA:42,0
DA:43,0
DA:44,0
DA:45,0
DA:46,0
DA:49,33
DA:50,33
DA:54,0
DA:55,0
DA:57,0
DA:58,0
DA:60,0
DA:61,0
DA:62,0
DA:64,0
DA:65,0
DA:69,0
DA:70,0
DA:71,33
DA:73,1
LF:51
LH:14
BRDA:4,0,0,9
BRDA:12,1,0,33
BRDA:18,2,0,0
BRDA:49,3,0,0
BRDA:50,4,0,0
BRF:5
BRH:2
end_of_record
TN:
SF:src/services/mail_assets.service.ts
FN:7,extToMime
FN:20,getAssetDataUri
FN:54,getAssetBase64
FNF:3
FNH:2
FNDA:18,extToMime
FNDA:99,getAssetDataUri
FNDA:0,getAssetBase64
DA:1,1
DA:2,1
DA:3,1
DA:5,1
DA:7,18
DA:8,18
DA:9,18
DA:10,18
DA:11,18
DA:12,6
DA:13,0
DA:14,0
DA:20,99
DA:21,99
DA:22,99
DA:24,18
DA:26,99
DA:28,0
DA:29,0
DA:30,0
DA:31,0
DA:32,0
DA:34,18
DA:35,18
DA:36,99
DA:37,99
DA:38,99
DA:39,99
DA:40,99
DA:41,99
DA:43,0
DA:44,0
DA:45,0
DA:46,99
DA:48,1
DA:54,0
DA:55,0
DA:56,0
DA:57,0
DA:58,0
DA:59,0
DA:60,0
DA:61,0
DA:62,0
DA:63,0
DA:65,0
DA:66,0
DA:67,0
DA:68,0
LF:49
LH:25
BRDA:7,0,0,18
BRDA:9,1,0,6
BRDA:9,2,0,12
BRDA:9,3,0,6
BRDA:10,4,0,0
BRDA:10,5,0,6
BRDA:11,6,0,0
BRDA:11,7,0,6
BRDA:12,8,0,0
BRDA:20,9,0,99
BRDA:21,10,0,0
BRDA:22,11,0,90
BRDA:22,12,0,81
BRDA:22,13,0,18
BRDA:26,14,0,0
BRDA:32,15,0,18
BRDA:36,16,0,0
BRDA:41,17,0,0
BRF:18
BRH:11
end_of_record
TN:
SF:src/services/mail_template.service.ts
FN:9,sendTemplateEmail
FNF:1
FNH:1
FNDA:3,sendTemplateEmail
DA:1,1
DA:2,1
DA:4,1
DA:6,9
DA:7,9
DA:9,3
DA:10,3
DA:11,3
DA:12,3
DA:13,3
DA:14,3
DA:15,3
DA:17,2
DA:18,2
DA:19,2
DA:21,1
DA:22,1
DA:23,1
DA:24,1
DA:25,1
DA:26,1
DA:27,1
DA:28,1
DA:29,1
DA:30,1
DA:31,1
DA:32,1
DA:33,1
DA:35,3
DA:37,0
DA:38,0
DA:39,0
DA:40,0
DA:41,0
DA:42,0
DA:43,0
DA:44,0
DA:46,1
DA:47,1
DA:48,1
DA:49,1
DA:50,1
DA:51,1
DA:52,1
DA:53,1
DA:56,3
DA:57,3
DA:58,3
DA:60,0
DA:61,0
DA:62,0
DA:63,3
DA:65,1
LF:53
LH:42
BRDA:4,0,0,9
BRDA:9,1,0,3
BRDA:15,2,0,2
BRDA:19,3,0,1
BRDA:35,4,0,0
BRDA:35,5,0,2
BRDA:35,6,0,0
BRDA:44,7,0,1
BRDA:56,8,0,2
BRDA:56,9,0,1
BRDA:56,10,0,0
BRDA:58,11,0,0
BRF:12
BRH:8
end_of_record
TN:
SF:src/services/notification.service.ts
FN:5,getAll
FN:25,getUnread
FN:30,countUnread
FN:38,markAsRead
FN:55,markAllAsRead
FN:65,delete
FN:81,create
FNF:7
FNH:0
FNDA:0,getAll
FNDA:0,getUnread
FNDA:0,countUnread
FNDA:0,markAsRead
FNDA:0,markAllAsRead
FNDA:0,delete
FNDA:0,create
DA:1,1
DA:3,1
DA:5,1
DA:6,0
DA:8,0
DA:9,0
DA:10,0
DA:12,0
DA:13,0
DA:14,0
DA:15,0
DA:18,0
DA:19,0
DA:20,0
DA:21,0
DA:22,0
DA:25,1
DA:26,0
DA:27,0
DA:30,1
DA:31,0
DA:32,0
DA:33,0
DA:34,0
DA:35,0
DA:38,1
DA:39,0
DA:40,0
DA:41,0
DA:42,0
DA:44,0
DA:45,0
DA:46,0
DA:48,0
DA:49,0
DA:51,0
DA:52,0
DA:55,1
DA:56,0
DA:57,0
DA:58,0
DA:59,0
DA:61,0
DA:62,0
DA:65,1
DA:66,0
DA:67,0
DA:68,0
DA:69,0
DA:71,0
DA:72,0
DA:73,0
DA:75,0
DA:77,0
DA:78,0
DA:81,1
DA:87,0
DA:88,0
DA:89,0
DA:90,1
LF:60
LH:10
BRF:0
BRH:0
end_of_record
TN:
SF:src/services/recommendation.service.ts
FN:7,getRecommendationsForUser
FNF:1
FNH:0
FNDA:0,getRecommendationsForUser
DA:1,1
DA:2,1
DA:5,1
DA:7,1
DA:8,0
DA:9,0
DA:10,0
DA:13,0
DA:16,0
DA:17,0
DA:18,0
DA:19,0
DA:20,0
DA:21,0
DA:22,0
DA:23,0
DA:24,0
DA:25,0
DA:26,0
DA:27,0
DA:31,0
DA:32,0
DA:33,0
DA:34,0
DA:35,0
DA:36,0
DA:37,0
DA:38,0
DA:39,0
DA:40,0
DA:41,0
DA:42,0
DA:43,0
DA:45,0
DA:48,0
DA:49,0
DA:50,0
DA:51,0
DA:52,0
DA:53,0
DA:54,0
DA:55,0
DA:56,0
DA:57,0
DA:58,0
DA:59,0
DA:60,0
DA:61,0
DA:62,0
DA:63,0
DA:64,0
DA:65,0
DA:66,0
DA:67,0
DA:70,0
DA:71,0
DA:72,0
DA:73,0
DA:74,0
DA:75,0
DA:76,0
DA:79,0
DA:82,0
DA:83,0
DA:86,0
DA:87,0
DA:88,0
DA:89,0
DA:90,0
DA:91,0
DA:92,0
DA:93,0
DA:94,0
DA:95,0
DA:96,0
DA:99,0
DA:100,0
DA:101,0
DA:102,0
DA:103,0
DA:106,0
DA:108,0
DA:110,0
DA:113,0
DA:114,0
DA:117,0
DA:118,0
DA:119,0
DA:121,0
DA:122,0
DA:123,0
DA:125,0
DA:127,0
DA:128,0
DA:129,1
DA:131,1
LF:96
LH:6
BRF:0
BRH:0
end_of_record
TN:
SF:src/services/user.service.ts
FN:6,getAll
FN:10,create
FN:18,update
FN:50,delete
FN:55,followUser
FN:73,unfollowUser
FN:90,getFollowers
FN:99,getFollowing
FN:108,getFollows
FN:113,changePassword
FN:136,addItemToUser
FN:148,removeItemFromUser
FN:152,getById
FN:162,getFeed
FN:225,addRating
FN:282,getRatings
FN:311,removeRating
FN:317,deleteRating
FNF:18
FNH:11
FNDA:0,getAll
FNDA:33,create
FNDA:2,update
FNDA:0,delete
FNDA:3,followUser
FNDA:2,unfollowUser
FNDA:0,getFollowers
FNDA:6,getFollowing
FNDA:0,getFollows
FNDA:2,changePassword
FNDA:2,addItemToUser
FNDA:2,removeItemFromUser
FNDA:0,getById
FNDA:0,getFeed
FNDA:2,addRating
FNDA:4,getRatings
FNDA:2,removeRating
FNDA:0,deleteRating
DA:1,1
DA:2,1
DA:3,1
DA:5,1
DA:6,1
DA:7,0
DA:8,0
DA:10,1
DA:12,33
DA:13,33
DA:14,33
DA:15,33
DA:16,33
DA:18,1
DA:20,2
DA:21,2
DA:23,1
DA:24,1
DA:25,1
DA:28,2
DA:29,0
DA:30,0
DA:31,0
DA:32,0
DA:33,0
DA:34,0
DA:35,0
DA:36,0
DA:38,0
DA:39,0
DA:43,2
DA:44,0
DA:45,0
DA:47,1
DA:48,2
DA:50,1
DA:51,0
DA:52,0
DA:55,1
DA:56,3
DA:59,3
DA:60,3
DA:61,3
DA:62,3
DA:63,3
DA:66,3
DA:67,3
DA:68,3
DA:69,3
DA:70,3
DA:71,3
DA:73,1
DA:75,2
DA:76,2
DA:77,2
DA:78,2
DA:79,2
DA:82,2
DA:83,2
DA:84,2
DA:85,2
DA:86,2
DA:87,2
DA:90,1
DA:91,0
DA:92,0
DA:93,0
DA:94,0
DA:95,0
DA:96,0
DA:99,1
DA:100,6
DA:101,6
DA:102,6
DA:103,6
DA:104,6
DA:105,6
DA:108,1
DA:109,0
DA:110,0
DA:113,1
DA:114,2
DA:115,2
DA:116,0
DA:117,0
DA:118,0
DA:119,0
DA:122,2
DA:123,2
DA:124,1
DA:125,1
DA:126,1
DA:127,1
DA:130,1
DA:131,1
DA:133,1
DA:134,2
DA:136,1
DA:138,2
DA:139,2
DA:140,2
DA:141,2
DA:142,2
DA:143,2
DA:144,2
DA:145,2
DA:146,2
DA:148,1
DA:150,2
DA:151,2
DA:152,1
DA:155,0
DA:156,0
DA:157,0
DA:158,0
DA:159,0
DA:160,0
DA:162,1
DA:166,0
DA:167,0
DA:170,0
DA:171,0
DA:172,0
DA:173,0
DA:174,0
DA:175,0
DA:176,0
DA:177,0
DA:178,0
DA:181,0
DA:182,0
DA:183,0
DA:184,0
DA:185,0
DA:186,0
DA:187,0
DA:188,0
DA:189,0
DA:191,0
DA:193,0
DA:197,0
DA:198,0
DA:199,0
DA:200,0
DA:201,0
DA:202,0
DA:203,0
DA:204,0
DA:205,0
DA:206,0
DA:207,0
DA:208,0
DA:209,0
DA:210,0
DA:211,0
DA:212,0
DA:213,0
DA:214,0
DA:217,0
DA:219,0
DA:220,0
DA:222,0
DA:223,0
DA:225,1
DA:227,2
DA:229,2
DA:230,2
DA:231,2
DA:232,2
DA:233,2
DA:234,2
DA:235,2
DA:236,2
DA:238,0
DA:239,0
DA:240,2
DA:242,0
DA:243,0
DA:244,2
DA:245,0
DA:246,0
DA:248,2
DA:249,2
DA:250,2
DA:252,2
DA:253,2
DA:254,2
DA:257,0
DA:258,0
DA:259,0
DA:260,0
DA:261,0
DA:262,2
DA:263,2
DA:264,2
DA:265,2
DA:266,2
DA:267,2
DA:268,2
DA:270,0
DA:273,0
DA:274,0
DA:275,0
DA:277,0
DA:278,0
DA:279,0
DA:280,2
DA:282,1
DA:285,4
DA:286,4
DA:287,4
DA:290,4
DA:292,4
DA:294,0
DA:295,0
DA:296,0
DA:297,0
DA:298,0
DA:299,4
DA:301,4
DA:302,0
DA:303,0
DA:304,0
DA:305,4
DA:306,4
DA:308,4
DA:309,4
DA:311,1
DA:313,2
DA:314,2
DA:315,2
DA:317,1
DA:319,0
DA:320,0
DA:321,1
LF:235
LH:128
BRDA:10,0,0,33
BRDA:18,1,0,2
BRDA:21,2,0,1
BRDA:28,3,0,0
BRDA:39,4,0,1
BRDA:43,5,0,0
BRDA:45,6,0,1
BRDA:55,7,0,3
BRDA:56,8,0,0
BRDA:73,9,0,2
BRDA:99,10,0,6
BRDA:103,11,0,0
BRDA:104,12,0,0
BRDA:113,13,0,2
BRDA:115,14,0,0
BRDA:123,15,0,1
BRDA:136,16,0,2
BRDA:140,17,0,0
BRDA:141,18,0,0
BRDA:142,19,0,0
BRDA:148,20,0,2
BRDA:225,21,0,2
BRDA:233,22,0,0
BRDA:234,23,0,0
BRDA:236,24,0,0
BRDA:240,25,0,0
BRDA:244,26,0,0
BRDA:254,27,0,0
BRDA:262,28,0,0
BRDA:263,29,0,0
BRDA:268,30,0,0
BRDA:282,31,0,4
BRDA:286,32,0,0
BRDA:287,33,0,0
BRDA:290,34,0,0
BRDA:292,35,0,0
BRDA:311,36,0,2
BRF:37
BRH:15
end_of_record
TN:
SF:src/sockets/chat.ts
FN:1,(empty-report)
FNF:1
FNH:1
FNDA:1,(empty-report)
LF:0
LH:0
BRDA:1,0,0,1
BRF:1
BRH:1
end_of_record
